CRITICAL - 2023-06-06 11:20:34 --> Undefined array key "mapel"
in APPPATH\Views\guru\index.php on line 35.
 1 APPPATH\Views\guru\index.php(35): CodeIgniter\Debug\Exceptions->errorHandler(2, 'Undefined array key "mapel"', 'E:\\semester 4\\PWEB\\MI4Bapp\\app\\Views\\guru\\index.php', 35)
 2 SYSTEMPATH\View\View.php(213): include('E:\\semester 4\\PWEB\\MI4Bapp\\app\\Views\\guru\\index.php')
 3 SYSTEMPATH\View\View.php(216): CodeIgniter\View\View->CodeIgniter\View\{closure}()
 4 SYSTEMPATH\Common.php(1184): CodeIgniter\View\View->render('guru/index', [], true)
 5 APPPATH\Controllers\Guru.php(25): view('guru/index', [...])
 6 SYSTEMPATH\CodeIgniter.php(934): App\Controllers\Guru->index()
 7 SYSTEMPATH\CodeIgniter.php(499): CodeIgniter\CodeIgniter->runController(Object(App\Controllers\Guru))
 8 SYSTEMPATH\CodeIgniter.php(368): CodeIgniter\CodeIgniter->handleRequest(null, Object(Config\Cache), false)
 9 FCPATH\index.php(67): CodeIgniter\CodeIgniter->run()
10 SYSTEMPATH\Commands\Server\rewrite.php(47): require_once('E:\\semester 4\\PWEB\\MI4Bapp\\public\\index.php')
CRITICAL - 2023-06-06 11:21:01 --> Undefined array key "mapel"
in APPPATH\Views\guru\index.php on line 35.
 1 APPPATH\Views\guru\index.php(35): CodeIgniter\Debug\Exceptions->errorHandler(2, 'Undefined array key "mapel"', 'E:\\semester 4\\PWEB\\MI4Bapp\\app\\Views\\guru\\index.php', 35)
 2 SYSTEMPATH\View\View.php(213): include('E:\\semester 4\\PWEB\\MI4Bapp\\app\\Views\\guru\\index.php')
 3 SYSTEMPATH\View\View.php(216): CodeIgniter\View\View->CodeIgniter\View\{closure}()
 4 SYSTEMPATH\Common.php(1184): CodeIgniter\View\View->render('guru/index', [], true)
 5 APPPATH\Controllers\Guru.php(25): view('guru/index', [...])
 6 SYSTEMPATH\CodeIgniter.php(934): App\Controllers\Guru->index()
 7 SYSTEMPATH\CodeIgniter.php(499): CodeIgniter\CodeIgniter->runController(Object(App\Controllers\Guru))
 8 SYSTEMPATH\CodeIgniter.php(368): CodeIgniter\CodeIgniter->handleRequest(null, Object(Config\Cache), false)
 9 FCPATH\index.php(67): CodeIgniter\CodeIgniter->run()
10 SYSTEMPATH\Commands\Server\rewrite.php(47): require_once('E:\\semester 4\\PWEB\\MI4Bapp\\public\\index.php')
