ERROR - 2023-06-10 14:51:02 --> Error connecting to the database: mysqli_sql_exception: Unknown database 'db_film' in C:\xampp\htdocs\MI4Bapp\system\Database\MySQLi\Connection.php:174
Stack trace:
#0 C:\xampp\htdocs\MI4Bapp\system\Database\MySQLi\Connection.php(174): mysqli->real_connect('localhost', 'root', '', 'db_film', 3306, '', 0)
#1 C:\xampp\htdocs\MI4Bapp\system\Database\BaseConnection.php(391): CodeIgniter\Database\MySQLi\Connection->connect(false)
#2 C:\xampp\htdocs\MI4Bapp\system\Database\BaseConnection.php(574): CodeIgniter\Database\BaseConnection->initialize()
#3 C:\xampp\htdocs\MI4Bapp\system\Database\BaseBuilder.php(1616): CodeIgniter\Database\BaseConnection->query('SELECT *\nFROM `...', Array, false)
#4 C:\xampp\htdocs\MI4Bapp\system\Model.php(241): CodeIgniter\Database\BaseBuilder->get()
#5 C:\xampp\htdocs\MI4Bapp\system\BaseModel.php(618): CodeIgniter\Model->doFindAll(0, 0)
#6 C:\xampp\htdocs\MI4Bapp\app\Models\FilmModel.php(59): CodeIgniter\BaseModel->findAll()
#7 C:\xampp\htdocs\MI4Bapp\app\Controllers\Film.php(32): App\Models\FilmModel->getAllData()
#8 C:\xampp\htdocs\MI4Bapp\system\CodeIgniter.php(934): App\Controllers\Film->all()
#9 C:\xampp\htdocs\MI4Bapp\system\CodeIgniter.php(499): CodeIgniter\CodeIgniter->runController(Object(App\Controllers\Film))
#10 C:\xampp\htdocs\MI4Bapp\system\CodeIgniter.php(368): CodeIgniter\CodeIgniter->handleRequest(NULL, Object(Config\Cache), false)
#11 C:\xampp\htdocs\MI4Bapp\public\index.php(67): CodeIgniter\CodeIgniter->run()
#12 C:\xampp\htdocs\MI4Bapp\system\Commands\Server\rewrite.php(47): require_once('C:\\xampp\\htdocs...')
#13 {main}

Next CodeIgniter\Database\Exceptions\DatabaseException: Unknown database 'db_film' in C:\xampp\htdocs\MI4Bapp\system\Database\MySQLi\Connection.php:218
Stack trace:
#0 C:\xampp\htdocs\MI4Bapp\system\Database\BaseConnection.php(391): CodeIgniter\Database\MySQLi\Connection->connect(false)
#1 C:\xampp\htdocs\MI4Bapp\system\Database\BaseConnection.php(574): CodeIgniter\Database\BaseConnection->initialize()
#2 C:\xampp\htdocs\MI4Bapp\system\Database\BaseBuilder.php(1616): CodeIgniter\Database\BaseConnection->query('SELECT *\nFROM `...', Array, false)
#3 C:\xampp\htdocs\MI4Bapp\system\Model.php(241): CodeIgniter\Database\BaseBuilder->get()
#4 C:\xampp\htdocs\MI4Bapp\system\BaseModel.php(618): CodeIgniter\Model->doFindAll(0, 0)
#5 C:\xampp\htdocs\MI4Bapp\app\Models\FilmModel.php(59): CodeIgniter\BaseModel->findAll()
#6 C:\xampp\htdocs\MI4Bapp\app\Controllers\Film.php(32): App\Models\FilmModel->getAllData()
#7 C:\xampp\htdocs\MI4Bapp\system\CodeIgniter.php(934): App\Controllers\Film->all()
#8 C:\xampp\htdocs\MI4Bapp\system\CodeIgniter.php(499): CodeIgniter\CodeIgniter->runController(Object(App\Controllers\Film))
#9 C:\xampp\htdocs\MI4Bapp\system\CodeIgniter.php(368): CodeIgniter\CodeIgniter->handleRequest(NULL, Object(Config\Cache), false)
#10 C:\xampp\htdocs\MI4Bapp\public\index.php(67): CodeIgniter\CodeIgniter->run()
#11 C:\xampp\htdocs\MI4Bapp\system\Commands\Server\rewrite.php(47): require_once('C:\\xampp\\htdocs...')
#12 {main}
CRITICAL - 2023-06-10 14:51:02 --> Unable to connect to the database.
Main connection [MySQLi]: Unknown database 'db_film'
in SYSTEMPATH\Database\BaseConnection.php on line 427.
 1 SYSTEMPATH\Database\BaseConnection.php(574): CodeIgniter\Database\BaseConnection->initialize()
 2 SYSTEMPATH\Database\BaseBuilder.php(1616): CodeIgniter\Database\BaseConnection->query('SELECT *
FROM `film`', [], false)
 3 SYSTEMPATH\Model.php(241): CodeIgniter\Database\BaseBuilder->get()
 4 SYSTEMPATH\BaseModel.php(618): CodeIgniter\Model->doFindAll(0, 0)
 5 APPPATH\Models\FilmModel.php(59): CodeIgniter\BaseModel->findAll()
 6 APPPATH\Controllers\Film.php(32): App\Models\FilmModel->getAllData()
 7 SYSTEMPATH\CodeIgniter.php(934): App\Controllers\Film->all()
 8 SYSTEMPATH\CodeIgniter.php(499): CodeIgniter\CodeIgniter->runController(Object(App\Controllers\Film))
 9 SYSTEMPATH\CodeIgniter.php(368): CodeIgniter\CodeIgniter->handleRequest(null, Object(Config\Cache), false)
10 FCPATH\index.php(67): CodeIgniter\CodeIgniter->run()
11 SYSTEMPATH\Commands\Server\rewrite.php(47): require_once('C:\\xampp\\htdocs\\MI4Bapp\\public\\index.php')
