CRITICAL - 2023-06-07 02:22:20 --> The framework needs the following extension(s) installed and loaded: intl.
in SYSTEMPATH\CodeIgniter.php on line 226.
 1 SYSTEMPATH\CodeIgniter.php(226): CodeIgniter\Exceptions\FrameworkException::forMissingExtension('intl')
 2 SYSTEMPATH\CodeIgniter.php(190): CodeIgniter\CodeIgniter->resolvePlatformExtensions()
 3 ROOTPATH\spark(83): CodeIgniter\CodeIgniter->initialize()
CRITICAL - 2023-06-07 02:25:01 --> The framework needs the following extension(s) installed and loaded: intl.
in SYSTEMPATH\CodeIgniter.php on line 226.
 1 SYSTEMPATH\CodeIgniter.php(226): CodeIgniter\Exceptions\FrameworkException::forMissingExtension('intl')
 2 SYSTEMPATH\CodeIgniter.php(190): CodeIgniter\CodeIgniter->resolvePlatformExtensions()
 3 ROOTPATH\spark(83): CodeIgniter\CodeIgniter->initialize()
CRITICAL - 2023-06-07 02:24:58 --> Too few arguments to function App\Models\FilmModel::getDataById(), 0 passed in D:\Mukaromah\MI4Bapp\app\Controllers\Film.php on line 37 and exactly 1 expected
in APPPATH\Models\FilmModel.php on line 63.
 1 APPPATH\Controllers\Film.php(37): App\Models\FilmModel->getDataById()
 2 SYSTEMPATH\CodeIgniter.php(934): App\Controllers\Film->finid()
 3 SYSTEMPATH\CodeIgniter.php(499): CodeIgniter\CodeIgniter->runController(Object(App\Controllers\Film))
 4 SYSTEMPATH\CodeIgniter.php(368): CodeIgniter\CodeIgniter->handleRequest(null, Object(Config\Cache), false)
 5 FCPATH\index.php(67): CodeIgniter\CodeIgniter->run()
 6 SYSTEMPATH\Commands\Server\rewrite.php(47): require_once('D:\\Mukaromah\\MI4Bapp\\public\\index.php')
CRITICAL - 2023-06-07 02:25:21 --> Too few arguments to function App\Models\FilmModel::getDataById(), 0 passed in D:\Mukaromah\MI4Bapp\app\Controllers\Film.php on line 37 and exactly 1 expected
in APPPATH\Models\FilmModel.php on line 63.
 1 APPPATH\Controllers\Film.php(37): App\Models\FilmModel->getDataById()
 2 SYSTEMPATH\CodeIgniter.php(934): App\Controllers\Film->findid()
 3 SYSTEMPATH\CodeIgniter.php(499): CodeIgniter\CodeIgniter->runController(Object(App\Controllers\Film))
 4 SYSTEMPATH\CodeIgniter.php(368): CodeIgniter\CodeIgniter->handleRequest(null, Object(Config\Cache), false)
 5 FCPATH\index.php(67): CodeIgniter\CodeIgniter->run()
 6 SYSTEMPATH\Commands\Server\rewrite.php(47): require_once('D:\\Mukaromah\\MI4Bapp\\public\\index.php')
ERROR - 2023-06-07 02:27:58 --> mysqli_sql_exception: Unknown column 'judul' in 'where clause' in D:\Mukaromah\MI4Bapp\system\Database\MySQLi\Connection.php:295
Stack trace:
#0 D:\Mukaromah\MI4Bapp\system\Database\MySQLi\Connection.php(295): mysqli->query('SELECT *\nFROM `...', 0)
#1 D:\Mukaromah\MI4Bapp\system\Database\BaseConnection.php(692): CodeIgniter\Database\MySQLi\Connection->execute('SELECT *\nFROM `...')
#2 D:\Mukaromah\MI4Bapp\system\Database\BaseConnection.php(606): CodeIgniter\Database\BaseConnection->simpleQuery('SELECT *\nFROM `...')
#3 D:\Mukaromah\MI4Bapp\system\Database\BaseBuilder.php(1616): CodeIgniter\Database\BaseConnection->query('SELECT *\nFROM `...', Array, false)
#4 D:\Mukaromah\MI4Bapp\system\Model.php(241): CodeIgniter\Database\BaseBuilder->get()
#5 D:\Mukaromah\MI4Bapp\system\BaseModel.php(618): CodeIgniter\Model->doFindAll(0, 0)
#6 D:\Mukaromah\MI4Bapp\app\Models\FilmModel.php(69): CodeIgniter\BaseModel->findAll()
#7 D:\Mukaromah\MI4Bapp\app\Controllers\Film.php(43): App\Models\FilmModel->getDataBy('mumun pocong')
#8 D:\Mukaromah\MI4Bapp\system\CodeIgniter.php(934): App\Controllers\Film->findby()
#9 D:\Mukaromah\MI4Bapp\system\CodeIgniter.php(499): CodeIgniter\CodeIgniter->runController(Object(App\Controllers\Film))
#10 D:\Mukaromah\MI4Bapp\system\CodeIgniter.php(368): CodeIgniter\CodeIgniter->handleRequest(NULL, Object(Config\Cache), false)
#11 D:\Mukaromah\MI4Bapp\public\index.php(67): CodeIgniter\CodeIgniter->run()
#12 D:\Mukaromah\MI4Bapp\system\Commands\Server\rewrite.php(47): require_once('D:\\Mukaromah\\MI...')
#13 {main}
CRITICAL - 2023-06-07 02:27:58 --> Unknown column 'judul' in 'where clause'
in SYSTEMPATH\Database\MySQLi\Connection.php on line 295.
 1 SYSTEMPATH\Database\MySQLi\Connection.php(295): mysqli->query('SELECT *
FROM `film`
WHERE `judul` = \'mumun pocong\'', 0)
 2 SYSTEMPATH\Database\BaseConnection.php(692): CodeIgniter\Database\MySQLi\Connection->execute('SELECT *
FROM `film`
WHERE `judul` = \'mumun pocong\'')
 3 SYSTEMPATH\Database\BaseConnection.php(606): CodeIgniter\Database\BaseConnection->simpleQuery('SELECT *
FROM `film`
WHERE `judul` = \'mumun pocong\'')
 4 SYSTEMPATH\Database\BaseBuilder.php(1616): CodeIgniter\Database\BaseConnection->query('SELECT *
FROM `film`
WHERE `judul` = :judul:', [...], false)
 5 SYSTEMPATH\Model.php(241): CodeIgniter\Database\BaseBuilder->get()
 6 SYSTEMPATH\BaseModel.php(618): CodeIgniter\Model->doFindAll(0, 0)
 7 APPPATH\Models\FilmModel.php(69): CodeIgniter\BaseModel->findAll()
 8 APPPATH\Controllers\Film.php(43): App\Models\FilmModel->getDataBy('mumun pocong')
 9 SYSTEMPATH\CodeIgniter.php(934): App\Controllers\Film->findby()
10 SYSTEMPATH\CodeIgniter.php(499): CodeIgniter\CodeIgniter->runController(Object(App\Controllers\Film))
11 SYSTEMPATH\CodeIgniter.php(368): CodeIgniter\CodeIgniter->handleRequest(null, Object(Config\Cache), false)
12 FCPATH\index.php(67): CodeIgniter\CodeIgniter->run()
13 SYSTEMPATH\Commands\Server\rewrite.php(47): require_once('D:\\Mukaromah\\MI4Bapp\\public\\index.php')
CRITICAL - 2023-06-07 02:36:09 --> Too few arguments to function App\Models\FilmModel::getOrderBy(), 0 passed in D:\Mukaromah\MI4Bapp\app\Controllers\Film.php on line 49 and exactly 1 expected
in APPPATH\Models\FilmModel.php on line 73.
 1 APPPATH\Controllers\Film.php(49): App\Models\FilmModel->getOrderBy()
 2 SYSTEMPATH\CodeIgniter.php(934): App\Controllers\Film->find_ordeby()
 3 SYSTEMPATH\CodeIgniter.php(499): CodeIgniter\CodeIgniter->runController(Object(App\Controllers\Film))
 4 SYSTEMPATH\CodeIgniter.php(368): CodeIgniter\CodeIgniter->handleRequest(null, Object(Config\Cache), false)
 5 FCPATH\index.php(67): CodeIgniter\CodeIgniter->run()
 6 SYSTEMPATH\Commands\Server\rewrite.php(47): require_once('D:\\Mukaromah\\MI4Bapp\\public\\index.php')
CRITICAL - 2023-06-07 02:41:53 --> Call to undefined method App\Models\FilmModel::getResultArray
in SYSTEMPATH\Model.php on line 842.
 1 APPPATH\Models\FilmModel.php(79): CodeIgniter\Model->__call('getResultArray', [])
 2 APPPATH\Controllers\Film.php(55): App\Models\FilmModel->getLimit()
 3 SYSTEMPATH\CodeIgniter.php(934): App\Controllers\Film->find_limit()
 4 SYSTEMPATH\CodeIgniter.php(499): CodeIgniter\CodeIgniter->runController(Object(App\Controllers\Film))
 5 SYSTEMPATH\CodeIgniter.php(368): CodeIgniter\CodeIgniter->handleRequest(null, Object(Config\Cache), false)
 6 FCPATH\index.php(67): CodeIgniter\CodeIgniter->run()
 7 SYSTEMPATH\Commands\Server\rewrite.php(47): require_once('D:\\Mukaromah\\MI4Bapp\\public\\index.php')
CRITICAL - 2023-06-07 03:25:44 --> Call to undefined function App\Controllers\views()
in APPPATH\Controllers\Film.php on line 32.
 1 SYSTEMPATH\CodeIgniter.php(934): App\Controllers\Film->all()
 2 SYSTEMPATH\CodeIgniter.php(499): CodeIgniter\CodeIgniter->runController(Object(App\Controllers\Film))
 3 SYSTEMPATH\CodeIgniter.php(368): CodeIgniter\CodeIgniter->handleRequest(null, Object(Config\Cache), false)
 4 FCPATH\index.php(67): CodeIgniter\CodeIgniter->run()
 5 SYSTEMPATH\Commands\Server\rewrite.php(47): require_once('D:\\Mukaromah\\MI4Bapp\\public\\index.php')
CRITICAL - 2023-06-07 03:26:00 --> Call to undefined function App\Controllers\views()
in APPPATH\Controllers\Film.php on line 32.
 1 SYSTEMPATH\CodeIgniter.php(934): App\Controllers\Film->all()
 2 SYSTEMPATH\CodeIgniter.php(499): CodeIgniter\CodeIgniter->runController(Object(App\Controllers\Film))
 3 SYSTEMPATH\CodeIgniter.php(368): CodeIgniter\CodeIgniter->handleRequest(null, Object(Config\Cache), false)
 4 FCPATH\index.php(67): CodeIgniter\CodeIgniter->run()
 5 SYSTEMPATH\Commands\Server\rewrite.php(47): require_once('D:\\Mukaromah\\MI4Bapp\\public\\index.php')
CRITICAL - 2023-06-07 03:26:01 --> Call to undefined function App\Controllers\views()
in APPPATH\Controllers\Film.php on line 32.
 1 SYSTEMPATH\CodeIgniter.php(934): App\Controllers\Film->all()
 2 SYSTEMPATH\CodeIgniter.php(499): CodeIgniter\CodeIgniter->runController(Object(App\Controllers\Film))
 3 SYSTEMPATH\CodeIgniter.php(368): CodeIgniter\CodeIgniter->handleRequest(null, Object(Config\Cache), false)
 4 FCPATH\index.php(67): CodeIgniter\CodeIgniter->run()
 5 SYSTEMPATH\Commands\Server\rewrite.php(47): require_once('D:\\Mukaromah\\MI4Bapp\\public\\index.php')
CRITICAL - 2023-06-07 03:26:02 --> Call to undefined function App\Controllers\views()
in APPPATH\Controllers\Film.php on line 32.
 1 SYSTEMPATH\CodeIgniter.php(934): App\Controllers\Film->all()
 2 SYSTEMPATH\CodeIgniter.php(499): CodeIgniter\CodeIgniter->runController(Object(App\Controllers\Film))
 3 SYSTEMPATH\CodeIgniter.php(368): CodeIgniter\CodeIgniter->handleRequest(null, Object(Config\Cache), false)
 4 FCPATH\index.php(67): CodeIgniter\CodeIgniter->run()
 5 SYSTEMPATH\Commands\Server\rewrite.php(47): require_once('D:\\Mukaromah\\MI4Bapp\\public\\index.php')
CRITICAL - 2023-06-07 03:26:02 --> Call to undefined function App\Controllers\views()
in APPPATH\Controllers\Film.php on line 32.
 1 SYSTEMPATH\CodeIgniter.php(934): App\Controllers\Film->all()
 2 SYSTEMPATH\CodeIgniter.php(499): CodeIgniter\CodeIgniter->runController(Object(App\Controllers\Film))
 3 SYSTEMPATH\CodeIgniter.php(368): CodeIgniter\CodeIgniter->handleRequest(null, Object(Config\Cache), false)
 4 FCPATH\index.php(67): CodeIgniter\CodeIgniter->run()
 5 SYSTEMPATH\Commands\Server\rewrite.php(47): require_once('D:\\Mukaromah\\MI4Bapp\\public\\index.php')
CRITICAL - 2023-06-07 03:26:02 --> Call to undefined function App\Controllers\views()
in APPPATH\Controllers\Film.php on line 32.
 1 SYSTEMPATH\CodeIgniter.php(934): App\Controllers\Film->all()
 2 SYSTEMPATH\CodeIgniter.php(499): CodeIgniter\CodeIgniter->runController(Object(App\Controllers\Film))
 3 SYSTEMPATH\CodeIgniter.php(368): CodeIgniter\CodeIgniter->handleRequest(null, Object(Config\Cache), false)
 4 FCPATH\index.php(67): CodeIgniter\CodeIgniter->run()
 5 SYSTEMPATH\Commands\Server\rewrite.php(47): require_once('D:\\Mukaromah\\MI4Bapp\\public\\index.php')
CRITICAL - 2023-06-07 03:26:02 --> Call to undefined function App\Controllers\views()
in APPPATH\Controllers\Film.php on line 32.
 1 SYSTEMPATH\CodeIgniter.php(934): App\Controllers\Film->all()
 2 SYSTEMPATH\CodeIgniter.php(499): CodeIgniter\CodeIgniter->runController(Object(App\Controllers\Film))
 3 SYSTEMPATH\CodeIgniter.php(368): CodeIgniter\CodeIgniter->handleRequest(null, Object(Config\Cache), false)
 4 FCPATH\index.php(67): CodeIgniter\CodeIgniter->run()
 5 SYSTEMPATH\Commands\Server\rewrite.php(47): require_once('D:\\Mukaromah\\MI4Bapp\\public\\index.php')
CRITICAL - 2023-06-07 03:29:52 --> Call to undefined method App\Controllers\Film::file()
in APPPATH\Controllers\Film.php on line 32.
 1 SYSTEMPATH\CodeIgniter.php(934): App\Controllers\Film->all()
 2 SYSTEMPATH\CodeIgniter.php(499): CodeIgniter\CodeIgniter->runController(Object(App\Controllers\Film))
 3 SYSTEMPATH\CodeIgniter.php(368): CodeIgniter\CodeIgniter->handleRequest(null, Object(Config\Cache), false)
 4 FCPATH\index.php(67): CodeIgniter\CodeIgniter->run()
 5 SYSTEMPATH\Commands\Server\rewrite.php(47): require_once('D:\\Mukaromah\\MI4Bapp\\public\\index.php')
CRITICAL - 2023-06-07 03:29:53 --> Call to undefined method App\Controllers\Film::file()
in APPPATH\Controllers\Film.php on line 32.
 1 SYSTEMPATH\CodeIgniter.php(934): App\Controllers\Film->all()
 2 SYSTEMPATH\CodeIgniter.php(499): CodeIgniter\CodeIgniter->runController(Object(App\Controllers\Film))
 3 SYSTEMPATH\CodeIgniter.php(368): CodeIgniter\CodeIgniter->handleRequest(null, Object(Config\Cache), false)
 4 FCPATH\index.php(67): CodeIgniter\CodeIgniter->run()
 5 SYSTEMPATH\Commands\Server\rewrite.php(47): require_once('D:\\Mukaromah\\MI4Bapp\\public\\index.php')
CRITICAL - 2023-06-07 03:29:54 --> Call to undefined method App\Controllers\Film::file()
in APPPATH\Controllers\Film.php on line 32.
 1 SYSTEMPATH\CodeIgniter.php(934): App\Controllers\Film->all()
 2 SYSTEMPATH\CodeIgniter.php(499): CodeIgniter\CodeIgniter->runController(Object(App\Controllers\Film))
 3 SYSTEMPATH\CodeIgniter.php(368): CodeIgniter\CodeIgniter->handleRequest(null, Object(Config\Cache), false)
 4 FCPATH\index.php(67): CodeIgniter\CodeIgniter->run()
 5 SYSTEMPATH\Commands\Server\rewrite.php(47): require_once('D:\\Mukaromah\\MI4Bapp\\public\\index.php')
CRITICAL - 2023-06-07 03:30:16 --> Call to undefined method App\Controllers\Film::Film()
in APPPATH\Controllers\Film.php on line 32.
 1 SYSTEMPATH\CodeIgniter.php(934): App\Controllers\Film->all()
 2 SYSTEMPATH\CodeIgniter.php(499): CodeIgniter\CodeIgniter->runController(Object(App\Controllers\Film))
 3 SYSTEMPATH\CodeIgniter.php(368): CodeIgniter\CodeIgniter->handleRequest(null, Object(Config\Cache), false)
 4 FCPATH\index.php(67): CodeIgniter\CodeIgniter->run()
 5 SYSTEMPATH\Commands\Server\rewrite.php(47): require_once('D:\\Mukaromah\\MI4Bapp\\public\\index.php')
CRITICAL - 2023-06-07 03:30:17 --> Call to undefined method App\Controllers\Film::Film()
in APPPATH\Controllers\Film.php on line 32.
 1 SYSTEMPATH\CodeIgniter.php(934): App\Controllers\Film->all()
 2 SYSTEMPATH\CodeIgniter.php(499): CodeIgniter\CodeIgniter->runController(Object(App\Controllers\Film))
 3 SYSTEMPATH\CodeIgniter.php(368): CodeIgniter\CodeIgniter->handleRequest(null, Object(Config\Cache), false)
 4 FCPATH\index.php(67): CodeIgniter\CodeIgniter->run()
 5 SYSTEMPATH\Commands\Server\rewrite.php(47): require_once('D:\\Mukaromah\\MI4Bapp\\public\\index.php')
CRITICAL - 2023-06-07 03:30:57 --> Call to undefined function App\Controllers\views()
in APPPATH\Controllers\Film.php on line 33.
 1 SYSTEMPATH\CodeIgniter.php(934): App\Controllers\Film->all()
 2 SYSTEMPATH\CodeIgniter.php(499): CodeIgniter\CodeIgniter->runController(Object(App\Controllers\Film))
 3 SYSTEMPATH\CodeIgniter.php(368): CodeIgniter\CodeIgniter->handleRequest(null, Object(Config\Cache), false)
 4 FCPATH\index.php(67): CodeIgniter\CodeIgniter->run()
 5 SYSTEMPATH\Commands\Server\rewrite.php(47): require_once('D:\\Mukaromah\\MI4Bapp\\public\\index.php')
CRITICAL - 2023-06-07 03:30:59 --> Call to undefined function App\Controllers\views()
in APPPATH\Controllers\Film.php on line 33.
 1 SYSTEMPATH\CodeIgniter.php(934): App\Controllers\Film->all()
 2 SYSTEMPATH\CodeIgniter.php(499): CodeIgniter\CodeIgniter->runController(Object(App\Controllers\Film))
 3 SYSTEMPATH\CodeIgniter.php(368): CodeIgniter\CodeIgniter->handleRequest(null, Object(Config\Cache), false)
 4 FCPATH\index.php(67): CodeIgniter\CodeIgniter->run()
 5 SYSTEMPATH\Commands\Server\rewrite.php(47): require_once('D:\\Mukaromah\\MI4Bapp\\public\\index.php')
CRITICAL - 2023-06-07 03:30:59 --> Call to undefined function App\Controllers\views()
in APPPATH\Controllers\Film.php on line 33.
 1 SYSTEMPATH\CodeIgniter.php(934): App\Controllers\Film->all()
 2 SYSTEMPATH\CodeIgniter.php(499): CodeIgniter\CodeIgniter->runController(Object(App\Controllers\Film))
 3 SYSTEMPATH\CodeIgniter.php(368): CodeIgniter\CodeIgniter->handleRequest(null, Object(Config\Cache), false)
 4 FCPATH\index.php(67): CodeIgniter\CodeIgniter->run()
 5 SYSTEMPATH\Commands\Server\rewrite.php(47): require_once('D:\\Mukaromah\\MI4Bapp\\public\\index.php')
CRITICAL - 2023-06-07 03:31:28 --> Undefined variable $semuafilm
in APPPATH\Views\film\semuaFilm.php on line 21.
 1 APPPATH\Views\film\semuaFilm.php(21): CodeIgniter\Debug\Exceptions->errorHandler(2, 'Undefined variable $semuafilm', 'D:\\Mukaromah\\MI4Bapp\\app\\Views\\film\\semuaFilm.php', 21)
 2 SYSTEMPATH\View\View.php(213): include('D:\\Mukaromah\\MI4Bapp\\app\\Views\\film\\semuaFilm.php')
 3 SYSTEMPATH\View\View.php(216): CodeIgniter\View\View->CodeIgniter\View\{closure}()
 4 SYSTEMPATH\Common.php(1184): CodeIgniter\View\View->render('Film/semuaFilm', [], true)
 5 APPPATH\Controllers\Film.php(33): view('Film/semuaFilm', [...])
 6 SYSTEMPATH\CodeIgniter.php(934): App\Controllers\Film->all()
 7 SYSTEMPATH\CodeIgniter.php(499): CodeIgniter\CodeIgniter->runController(Object(App\Controllers\Film))
 8 SYSTEMPATH\CodeIgniter.php(368): CodeIgniter\CodeIgniter->handleRequest(null, Object(Config\Cache), false)
 9 FCPATH\index.php(67): CodeIgniter\CodeIgniter->run()
10 SYSTEMPATH\Commands\Server\rewrite.php(47): require_once('D:\\Mukaromah\\MI4Bapp\\public\\index.php')
