CRITICAL - 2023-06-12 18:05:39 --> Class "App\Controllers\GenreModel" not found
in APPPATH\Controllers\Genre.php on line 18.
 1 SYSTEMPATH\CodeIgniter.php(906): App\Controllers\Genre->__construct()
 2 SYSTEMPATH\CodeIgniter.php(490): CodeIgniter\CodeIgniter->createController()
 3 SYSTEMPATH\CodeIgniter.php(368): CodeIgniter\CodeIgniter->handleRequest(null, Object(Config\Cache), false)
 4 FCPATH\index.php(67): CodeIgniter\CodeIgniter->run()
 5 SYSTEMPATH\Commands\Server\rewrite.php(47): require_once('C:\\xampp\\htdocs\\MI4Bapp\\public\\index.php')
CRITICAL - 2023-06-12 18:08:39 --> Class "App\Controllers\GenreModel" not found
in APPPATH\Controllers\Genre.php on line 18.
 1 SYSTEMPATH\CodeIgniter.php(906): App\Controllers\Genre->__construct()
 2 SYSTEMPATH\CodeIgniter.php(490): CodeIgniter\CodeIgniter->createController()
 3 SYSTEMPATH\CodeIgniter.php(368): CodeIgniter\CodeIgniter->handleRequest(null, Object(Config\Cache), false)
 4 FCPATH\index.php(67): CodeIgniter\CodeIgniter->run()
 5 SYSTEMPATH\Commands\Server\rewrite.php(47): require_once('C:\\xampp\\htdocs\\MI4Bapp\\public\\index.php')
CRITICAL - 2023-06-12 18:08:43 --> Class "App\Controllers\GenreModel" not found
in APPPATH\Controllers\Genre.php on line 18.
 1 SYSTEMPATH\CodeIgniter.php(906): App\Controllers\Genre->__construct()
 2 SYSTEMPATH\CodeIgniter.php(490): CodeIgniter\CodeIgniter->createController()
 3 SYSTEMPATH\CodeIgniter.php(368): CodeIgniter\CodeIgniter->handleRequest(null, Object(Config\Cache), false)
 4 FCPATH\index.php(67): CodeIgniter\CodeIgniter->run()
 5 SYSTEMPATH\Commands\Server\rewrite.php(47): require_once('C:\\xampp\\htdocs\\MI4Bapp\\public\\index.php')
CRITICAL - 2023-06-12 18:08:47 --> Class "App\Controllers\GenreModel" not found
in APPPATH\Controllers\Genre.php on line 18.
 1 SYSTEMPATH\CodeIgniter.php(906): App\Controllers\Genre->__construct()
 2 SYSTEMPATH\CodeIgniter.php(490): CodeIgniter\CodeIgniter->createController()
 3 SYSTEMPATH\CodeIgniter.php(368): CodeIgniter\CodeIgniter->handleRequest(null, Object(Config\Cache), false)
 4 FCPATH\index.php(67): CodeIgniter\CodeIgniter->run()
 5 SYSTEMPATH\Commands\Server\rewrite.php(47): require_once('C:\\xampp\\htdocs\\MI4Bapp\\public\\index.php')
CRITICAL - 2023-06-12 18:08:49 --> Class "App\Controllers\GenreModel" not found
in APPPATH\Controllers\Genre.php on line 18.
 1 SYSTEMPATH\CodeIgniter.php(906): App\Controllers\Genre->__construct()
 2 SYSTEMPATH\CodeIgniter.php(490): CodeIgniter\CodeIgniter->createController()
 3 SYSTEMPATH\CodeIgniter.php(368): CodeIgniter\CodeIgniter->handleRequest(null, Object(Config\Cache), false)
 4 FCPATH\index.php(67): CodeIgniter\CodeIgniter->run()
 5 SYSTEMPATH\Commands\Server\rewrite.php(47): require_once('C:\\xampp\\htdocs\\MI4Bapp\\public\\index.php')
CRITICAL - 2023-06-12 18:09:07 --> Class "App\Controllers\GenreModel" not found
in APPPATH\Controllers\Genre.php on line 18.
 1 SYSTEMPATH\CodeIgniter.php(906): App\Controllers\Genre->__construct()
 2 SYSTEMPATH\CodeIgniter.php(490): CodeIgniter\CodeIgniter->createController()
 3 SYSTEMPATH\CodeIgniter.php(368): CodeIgniter\CodeIgniter->handleRequest(null, Object(Config\Cache), false)
 4 FCPATH\index.php(67): CodeIgniter\CodeIgniter->run()
 5 SYSTEMPATH\Commands\Server\rewrite.php(47): require_once('C:\\xampp\\htdocs\\MI4Bapp\\public\\index.php')
CRITICAL - 2023-06-12 18:10:46 --> Undefined array key "update_at"
in APPPATH\Views\genre\semuaGenre.php on line 28.
 1 APPPATH\Views\genre\semuaGenre.php(28): CodeIgniter\Debug\Exceptions->errorHandler(2, 'Undefined array key "update_at"', 'C:\\xampp\\htdocs\\MI4Bapp\\app\\Views\\genre\\semuaGenre.php', 28)
 2 SYSTEMPATH\View\View.php(213): include('C:\\xampp\\htdocs\\MI4Bapp\\app\\Views\\genre\\semuaGenre.php')
 3 SYSTEMPATH\View\View.php(216): CodeIgniter\View\View->CodeIgniter\View\{closure}()
 4 SYSTEMPATH\Common.php(1184): CodeIgniter\View\View->render('Genre/semuaGenre', [], true)
 5 APPPATH\Controllers\Genre.php(33): view('Genre/semuaGenre', [...])
 6 SYSTEMPATH\CodeIgniter.php(934): App\Controllers\Genre->all()
 7 SYSTEMPATH\CodeIgniter.php(499): CodeIgniter\CodeIgniter->runController(Object(App\Controllers\Genre))
 8 SYSTEMPATH\CodeIgniter.php(368): CodeIgniter\CodeIgniter->handleRequest(null, Object(Config\Cache), false)
 9 FCPATH\index.php(67): CodeIgniter\CodeIgniter->run()
10 SYSTEMPATH\Commands\Server\rewrite.php(47): require_once('C:\\xampp\\htdocs\\MI4Bapp\\public\\index.php')
ERROR - 2023-06-12 18:34:35 --> mysqli_sql_exception: Table 'db_film.genre' doesn't exist in C:\xampp\htdocs\MI4Bapp\system\Database\MySQLi\Connection.php:295
Stack trace:
#0 C:\xampp\htdocs\MI4Bapp\system\Database\MySQLi\Connection.php(295): mysqli->query('SELECT *\nFROM `...', 0)
#1 C:\xampp\htdocs\MI4Bapp\system\Database\BaseConnection.php(692): CodeIgniter\Database\MySQLi\Connection->execute('SELECT *\nFROM `...')
#2 C:\xampp\htdocs\MI4Bapp\system\Database\BaseConnection.php(606): CodeIgniter\Database\BaseConnection->simpleQuery('SELECT *\nFROM `...')
#3 C:\xampp\htdocs\MI4Bapp\system\Database\BaseBuilder.php(1616): CodeIgniter\Database\BaseConnection->query('SELECT *\nFROM `...', Array, false)
#4 C:\xampp\htdocs\MI4Bapp\system\Model.php(241): CodeIgniter\Database\BaseBuilder->get()
#5 C:\xampp\htdocs\MI4Bapp\system\BaseModel.php(618): CodeIgniter\Model->doFindAll(0, 0)
#6 C:\xampp\htdocs\MI4Bapp\app\Models\GenreModel.php(59): CodeIgniter\BaseModel->findAll()
#7 C:\xampp\htdocs\MI4Bapp\app\Controllers\Genre.php(32): App\Models\GenreModel->getAllData()
#8 C:\xampp\htdocs\MI4Bapp\system\CodeIgniter.php(934): App\Controllers\Genre->all()
#9 C:\xampp\htdocs\MI4Bapp\system\CodeIgniter.php(499): CodeIgniter\CodeIgniter->runController(Object(App\Controllers\Genre))
#10 C:\xampp\htdocs\MI4Bapp\system\CodeIgniter.php(368): CodeIgniter\CodeIgniter->handleRequest(NULL, Object(Config\Cache), false)
#11 C:\xampp\htdocs\MI4Bapp\public\index.php(67): CodeIgniter\CodeIgniter->run()
#12 C:\xampp\htdocs\MI4Bapp\system\Commands\Server\rewrite.php(47): require_once('C:\\xampp\\htdocs...')
#13 {main}
CRITICAL - 2023-06-12 18:34:35 --> Table 'db_film.genre' doesn't exist
in SYSTEMPATH\Database\MySQLi\Connection.php on line 295.
 1 SYSTEMPATH\Database\MySQLi\Connection.php(295): mysqli->query('SELECT *
FROM `genre`', 0)
 2 SYSTEMPATH\Database\BaseConnection.php(692): CodeIgniter\Database\MySQLi\Connection->execute('SELECT *
FROM `genre`')
 3 SYSTEMPATH\Database\BaseConnection.php(606): CodeIgniter\Database\BaseConnection->simpleQuery('SELECT *
FROM `genre`')
 4 SYSTEMPATH\Database\BaseBuilder.php(1616): CodeIgniter\Database\BaseConnection->query('SELECT *
FROM `genre`', [], false)
 5 SYSTEMPATH\Model.php(241): CodeIgniter\Database\BaseBuilder->get()
 6 SYSTEMPATH\BaseModel.php(618): CodeIgniter\Model->doFindAll(0, 0)
 7 APPPATH\Models\GenreModel.php(59): CodeIgniter\BaseModel->findAll()
 8 APPPATH\Controllers\Genre.php(32): App\Models\GenreModel->getAllData()
 9 SYSTEMPATH\CodeIgniter.php(934): App\Controllers\Genre->all()
10 SYSTEMPATH\CodeIgniter.php(499): CodeIgniter\CodeIgniter->runController(Object(App\Controllers\Genre))
11 SYSTEMPATH\CodeIgniter.php(368): CodeIgniter\CodeIgniter->handleRequest(null, Object(Config\Cache), false)
12 FCPATH\index.php(67): CodeIgniter\CodeIgniter->run()
13 SYSTEMPATH\Commands\Server\rewrite.php(47): require_once('C:\\xampp\\htdocs\\MI4Bapp\\public\\index.php')
CRITICAL - 2023-06-12 19:00:44 --> Undefined array key "genre"
in APPPATH\Views\film\semuaFilm.php on line 28.
 1 APPPATH\Views\film\semuaFilm.php(28): CodeIgniter\Debug\Exceptions->errorHandler(2, 'Undefined array key "genre"', 'C:\\xampp\\htdocs\\MI4Bapp\\app\\Views\\film\\semuaFilm.php', 28)
 2 SYSTEMPATH\View\View.php(213): include('C:\\xampp\\htdocs\\MI4Bapp\\app\\Views\\film\\semuaFilm.php')
 3 SYSTEMPATH\View\View.php(216): CodeIgniter\View\View->CodeIgniter\View\{closure}()
 4 SYSTEMPATH\Common.php(1184): CodeIgniter\View\View->render('Film/semuaFilm', [], true)
 5 APPPATH\Controllers\Film.php(33): view('Film/semuaFilm', [...])
 6 SYSTEMPATH\CodeIgniter.php(934): App\Controllers\Film->all()
 7 SYSTEMPATH\CodeIgniter.php(499): CodeIgniter\CodeIgniter->runController(Object(App\Controllers\Film))
 8 SYSTEMPATH\CodeIgniter.php(368): CodeIgniter\CodeIgniter->handleRequest(null, Object(Config\Cache), false)
 9 FCPATH\index.php(67): CodeIgniter\CodeIgniter->run()
10 SYSTEMPATH\Commands\Server\rewrite.php(47): require_once('C:\\xampp\\htdocs\\MI4Bapp\\public\\index.php')
