CRITICAL - 2023-05-31 02:44:45 --> The framework needs the following extension(s) installed and loaded: intl.
in SYSTEMPATH\CodeIgniter.php on line 226.
 1 SYSTEMPATH\CodeIgniter.php(226): CodeIgniter\Exceptions\FrameworkException::forMissingExtension('intl')
 2 SYSTEMPATH\CodeIgniter.php(190): CodeIgniter\CodeIgniter->resolvePlatformExtensions()
 3 ROOTPATH\spark(83): CodeIgniter\CodeIgniter->initialize()
CRITICAL - 2023-05-31 02:04:06 --> Call to a member function getFilm() on null
in APPPATH\Controllers\Film.php on line 24.
 1 SYSTEMPATH\CodeIgniter.php(934): App\Controllers\Film->index()
 2 SYSTEMPATH\CodeIgniter.php(499): CodeIgniter\CodeIgniter->runController(Object(App\Controllers\Film))
 3 SYSTEMPATH\CodeIgniter.php(368): CodeIgniter\CodeIgniter->handleRequest(null, Object(Config\Cache), false)
 4 FCPATH\index.php(67): CodeIgniter\CodeIgniter->run()
 5 SYSTEMPATH\Commands\Server\rewrite.php(47): require_once('C:\\xampp\\htdocs\\MI4Bapp\\public\\index.php')
CRITICAL - 2023-05-31 02:06:00 --> Call to a member function getFilm() on null
in APPPATH\Controllers\Film.php on line 24.
 1 SYSTEMPATH\CodeIgniter.php(934): App\Controllers\Film->index()
 2 SYSTEMPATH\CodeIgniter.php(499): CodeIgniter\CodeIgniter->runController(Object(App\Controllers\Film))
 3 SYSTEMPATH\CodeIgniter.php(368): CodeIgniter\CodeIgniter->handleRequest(null, Object(Config\Cache), false)
 4 FCPATH\index.php(67): CodeIgniter\CodeIgniter->run()
 5 SYSTEMPATH\Commands\Server\rewrite.php(47): require_once('C:\\xampp\\htdocs\\MI4Bapp\\public\\index.php')
CRITICAL - 2023-05-31 02:06:03 --> Call to a member function getFilm() on null
in APPPATH\Controllers\Film.php on line 24.
 1 SYSTEMPATH\CodeIgniter.php(934): App\Controllers\Film->index()
 2 SYSTEMPATH\CodeIgniter.php(499): CodeIgniter\CodeIgniter->runController(Object(App\Controllers\Film))
 3 SYSTEMPATH\CodeIgniter.php(368): CodeIgniter\CodeIgniter->handleRequest(null, Object(Config\Cache), false)
 4 FCPATH\index.php(67): CodeIgniter\CodeIgniter->run()
 5 SYSTEMPATH\Commands\Server\rewrite.php(47): require_once('C:\\xampp\\htdocs\\MI4Bapp\\public\\index.php')
CRITICAL - 2023-05-31 02:06:10 --> Call to a member function getFilm() on null
in APPPATH\Controllers\Film.php on line 24.
 1 SYSTEMPATH\CodeIgniter.php(934): App\Controllers\Film->index()
 2 SYSTEMPATH\CodeIgniter.php(499): CodeIgniter\CodeIgniter->runController(Object(App\Controllers\Film))
 3 SYSTEMPATH\CodeIgniter.php(368): CodeIgniter\CodeIgniter->handleRequest(null, Object(Config\Cache), false)
 4 FCPATH\index.php(67): CodeIgniter\CodeIgniter->run()
 5 SYSTEMPATH\Commands\Server\rewrite.php(47): require_once('C:\\xampp\\htdocs\\MI4Bapp\\public\\index.php')
CRITICAL - 2023-05-31 02:06:14 --> Call to a member function getFilm() on null
in APPPATH\Controllers\Film.php on line 24.
 1 SYSTEMPATH\CodeIgniter.php(934): App\Controllers\Film->index()
 2 SYSTEMPATH\CodeIgniter.php(499): CodeIgniter\CodeIgniter->runController(Object(App\Controllers\Film))
 3 SYSTEMPATH\CodeIgniter.php(368): CodeIgniter\CodeIgniter->handleRequest(null, Object(Config\Cache), false)
 4 FCPATH\index.php(67): CodeIgniter\CodeIgniter->run()
 5 SYSTEMPATH\Commands\Server\rewrite.php(47): require_once('C:\\xampp\\htdocs\\MI4Bapp\\public\\index.php')
CRITICAL - 2023-05-31 02:06:21 --> Call to a member function getFilm() on null
in APPPATH\Controllers\Film.php on line 24.
 1 SYSTEMPATH\CodeIgniter.php(934): App\Controllers\Film->index()
 2 SYSTEMPATH\CodeIgniter.php(499): CodeIgniter\CodeIgniter->runController(Object(App\Controllers\Film))
 3 SYSTEMPATH\CodeIgniter.php(368): CodeIgniter\CodeIgniter->handleRequest(null, Object(Config\Cache), false)
 4 FCPATH\index.php(67): CodeIgniter\CodeIgniter->run()
 5 SYSTEMPATH\Commands\Server\rewrite.php(47): require_once('C:\\xampp\\htdocs\\MI4Bapp\\public\\index.php')
CRITICAL - 2023-05-31 02:08:06 --> Call to a member function getFilm() on null
in APPPATH\Controllers\Film.php on line 24.
 1 SYSTEMPATH\CodeIgniter.php(934): App\Controllers\Film->index()
 2 SYSTEMPATH\CodeIgniter.php(499): CodeIgniter\CodeIgniter->runController(Object(App\Controllers\Film))
 3 SYSTEMPATH\CodeIgniter.php(368): CodeIgniter\CodeIgniter->handleRequest(null, Object(Config\Cache), false)
 4 FCPATH\index.php(67): CodeIgniter\CodeIgniter->run()
 5 SYSTEMPATH\Commands\Server\rewrite.php(47): require_once('C:\\xampp\\htdocs\\MI4Bapp\\public\\index.php')
CRITICAL - 2023-05-31 02:08:07 --> Call to a member function getFilm() on null
in APPPATH\Controllers\Film.php on line 24.
 1 SYSTEMPATH\CodeIgniter.php(934): App\Controllers\Film->index()
 2 SYSTEMPATH\CodeIgniter.php(499): CodeIgniter\CodeIgniter->runController(Object(App\Controllers\Film))
 3 SYSTEMPATH\CodeIgniter.php(368): CodeIgniter\CodeIgniter->handleRequest(null, Object(Config\Cache), false)
 4 FCPATH\index.php(67): CodeIgniter\CodeIgniter->run()
 5 SYSTEMPATH\Commands\Server\rewrite.php(47): require_once('C:\\xampp\\htdocs\\MI4Bapp\\public\\index.php')
CRITICAL - 2023-05-31 02:14:41 --> Call to a member function getFilm() on null
in APPPATH\Controllers\Film.php on line 24.
 1 SYSTEMPATH\CodeIgniter.php(934): App\Controllers\Film->index()
 2 SYSTEMPATH\CodeIgniter.php(499): CodeIgniter\CodeIgniter->runController(Object(App\Controllers\Film))
 3 SYSTEMPATH\CodeIgniter.php(368): CodeIgniter\CodeIgniter->handleRequest(null, Object(Config\Cache), false)
 4 FCPATH\index.php(67): CodeIgniter\CodeIgniter->run()
 5 SYSTEMPATH\Commands\Server\rewrite.php(47): require_once('C:\\xampp\\htdocs\\MI4Bapp\\public\\index.php')
CRITICAL - 2023-05-31 02:17:28 --> Call to a member function getFilm() on null
in APPPATH\Controllers\Film.php on line 24.
 1 SYSTEMPATH\CodeIgniter.php(934): App\Controllers\Film->index()
 2 SYSTEMPATH\CodeIgniter.php(499): CodeIgniter\CodeIgniter->runController(Object(App\Controllers\Film))
 3 SYSTEMPATH\CodeIgniter.php(368): CodeIgniter\CodeIgniter->handleRequest(null, Object(Config\Cache), false)
 4 FCPATH\index.php(67): CodeIgniter\CodeIgniter->run()
 5 SYSTEMPATH\Commands\Server\rewrite.php(47): require_once('C:\\xampp\\htdocs\\MI4Bapp\\public\\index.php')
CRITICAL - 2023-05-31 02:17:29 --> Call to a member function getFilm() on null
in APPPATH\Controllers\Film.php on line 24.
 1 SYSTEMPATH\CodeIgniter.php(934): App\Controllers\Film->index()
 2 SYSTEMPATH\CodeIgniter.php(499): CodeIgniter\CodeIgniter->runController(Object(App\Controllers\Film))
 3 SYSTEMPATH\CodeIgniter.php(368): CodeIgniter\CodeIgniter->handleRequest(null, Object(Config\Cache), false)
 4 FCPATH\index.php(67): CodeIgniter\CodeIgniter->run()
 5 SYSTEMPATH\Commands\Server\rewrite.php(47): require_once('C:\\xampp\\htdocs\\MI4Bapp\\public\\index.php')
CRITICAL - 2023-05-31 02:17:29 --> Call to a member function getFilm() on null
in APPPATH\Controllers\Film.php on line 24.
 1 SYSTEMPATH\CodeIgniter.php(934): App\Controllers\Film->index()
 2 SYSTEMPATH\CodeIgniter.php(499): CodeIgniter\CodeIgniter->runController(Object(App\Controllers\Film))
 3 SYSTEMPATH\CodeIgniter.php(368): CodeIgniter\CodeIgniter->handleRequest(null, Object(Config\Cache), false)
 4 FCPATH\index.php(67): CodeIgniter\CodeIgniter->run()
 5 SYSTEMPATH\Commands\Server\rewrite.php(47): require_once('C:\\xampp\\htdocs\\MI4Bapp\\public\\index.php')
CRITICAL - 2023-05-31 02:17:29 --> Call to a member function getFilm() on null
in APPPATH\Controllers\Film.php on line 24.
 1 SYSTEMPATH\CodeIgniter.php(934): App\Controllers\Film->index()
 2 SYSTEMPATH\CodeIgniter.php(499): CodeIgniter\CodeIgniter->runController(Object(App\Controllers\Film))
 3 SYSTEMPATH\CodeIgniter.php(368): CodeIgniter\CodeIgniter->handleRequest(null, Object(Config\Cache), false)
 4 FCPATH\index.php(67): CodeIgniter\CodeIgniter->run()
 5 SYSTEMPATH\Commands\Server\rewrite.php(47): require_once('C:\\xampp\\htdocs\\MI4Bapp\\public\\index.php')
CRITICAL - 2023-05-31 02:17:30 --> Call to a member function getFilm() on null
in APPPATH\Controllers\Film.php on line 24.
 1 SYSTEMPATH\CodeIgniter.php(934): App\Controllers\Film->index()
 2 SYSTEMPATH\CodeIgniter.php(499): CodeIgniter\CodeIgniter->runController(Object(App\Controllers\Film))
 3 SYSTEMPATH\CodeIgniter.php(368): CodeIgniter\CodeIgniter->handleRequest(null, Object(Config\Cache), false)
 4 FCPATH\index.php(67): CodeIgniter\CodeIgniter->run()
 5 SYSTEMPATH\Commands\Server\rewrite.php(47): require_once('C:\\xampp\\htdocs\\MI4Bapp\\public\\index.php')
CRITICAL - 2023-05-31 02:18:12 --> Call to a member function getfilm() on null
in APPPATH\Controllers\Film.php on line 24.
 1 SYSTEMPATH\CodeIgniter.php(934): App\Controllers\Film->index()
 2 SYSTEMPATH\CodeIgniter.php(499): CodeIgniter\CodeIgniter->runController(Object(App\Controllers\Film))
 3 SYSTEMPATH\CodeIgniter.php(368): CodeIgniter\CodeIgniter->handleRequest(null, Object(Config\Cache), false)
 4 FCPATH\index.php(67): CodeIgniter\CodeIgniter->run()
 5 SYSTEMPATH\Commands\Server\rewrite.php(47): require_once('C:\\xampp\\htdocs\\MI4Bapp\\public\\index.php')
CRITICAL - 2023-05-31 02:18:13 --> Call to a member function getfilm() on null
in APPPATH\Controllers\Film.php on line 24.
 1 SYSTEMPATH\CodeIgniter.php(934): App\Controllers\Film->index()
 2 SYSTEMPATH\CodeIgniter.php(499): CodeIgniter\CodeIgniter->runController(Object(App\Controllers\Film))
 3 SYSTEMPATH\CodeIgniter.php(368): CodeIgniter\CodeIgniter->handleRequest(null, Object(Config\Cache), false)
 4 FCPATH\index.php(67): CodeIgniter\CodeIgniter->run()
 5 SYSTEMPATH\Commands\Server\rewrite.php(47): require_once('C:\\xampp\\htdocs\\MI4Bapp\\public\\index.php')
CRITICAL - 2023-05-31 02:18:14 --> Call to a member function getfilm() on null
in APPPATH\Controllers\Film.php on line 24.
 1 SYSTEMPATH\CodeIgniter.php(934): App\Controllers\Film->index()
 2 SYSTEMPATH\CodeIgniter.php(499): CodeIgniter\CodeIgniter->runController(Object(App\Controllers\Film))
 3 SYSTEMPATH\CodeIgniter.php(368): CodeIgniter\CodeIgniter->handleRequest(null, Object(Config\Cache), false)
 4 FCPATH\index.php(67): CodeIgniter\CodeIgniter->run()
 5 SYSTEMPATH\Commands\Server\rewrite.php(47): require_once('C:\\xampp\\htdocs\\MI4Bapp\\public\\index.php')
CRITICAL - 2023-05-31 02:18:15 --> Call to a member function getfilm() on null
in APPPATH\Controllers\Film.php on line 24.
 1 SYSTEMPATH\CodeIgniter.php(934): App\Controllers\Film->index()
 2 SYSTEMPATH\CodeIgniter.php(499): CodeIgniter\CodeIgniter->runController(Object(App\Controllers\Film))
 3 SYSTEMPATH\CodeIgniter.php(368): CodeIgniter\CodeIgniter->handleRequest(null, Object(Config\Cache), false)
 4 FCPATH\index.php(67): CodeIgniter\CodeIgniter->run()
 5 SYSTEMPATH\Commands\Server\rewrite.php(47): require_once('C:\\xampp\\htdocs\\MI4Bapp\\public\\index.php')
CRITICAL - 2023-05-31 02:18:27 --> Call to a member function getFilm() on null
in APPPATH\Controllers\Film.php on line 24.
 1 SYSTEMPATH\CodeIgniter.php(934): App\Controllers\Film->index()
 2 SYSTEMPATH\CodeIgniter.php(499): CodeIgniter\CodeIgniter->runController(Object(App\Controllers\Film))
 3 SYSTEMPATH\CodeIgniter.php(368): CodeIgniter\CodeIgniter->handleRequest(null, Object(Config\Cache), false)
 4 FCPATH\index.php(67): CodeIgniter\CodeIgniter->run()
 5 SYSTEMPATH\Commands\Server\rewrite.php(47): require_once('C:\\xampp\\htdocs\\MI4Bapp\\public\\index.php')
CRITICAL - 2023-05-31 03:07:01 --> Undefined variable $i
in APPPATH\Views\film\index.php on line 20.
 1 APPPATH\Views\film\index.php(20): CodeIgniter\Debug\Exceptions->errorHandler(2, 'Undefined variable $i', 'C:\\xampp\\htdocs\\MI4Bapp\\app\\Views\\film\\index.php', 20)
 2 SYSTEMPATH\View\View.php(213): include('C:\\xampp\\htdocs\\MI4Bapp\\app\\Views\\film\\index.php')
 3 SYSTEMPATH\View\View.php(216): CodeIgniter\View\View->CodeIgniter\View\{closure}()
 4 SYSTEMPATH\Common.php(1184): CodeIgniter\View\View->render('film/index', [], true)
 5 APPPATH\Controllers\Film.php(25): view('film/index', [...])
 6 SYSTEMPATH\CodeIgniter.php(934): App\Controllers\Film->index()
 7 SYSTEMPATH\CodeIgniter.php(499): CodeIgniter\CodeIgniter->runController(Object(App\Controllers\Film))
 8 SYSTEMPATH\CodeIgniter.php(368): CodeIgniter\CodeIgniter->handleRequest(null, Object(Config\Cache), false)
 9 FCPATH\index.php(67): CodeIgniter\CodeIgniter->run()
10 SYSTEMPATH\Commands\Server\rewrite.php(47): require_once('C:\\xampp\\htdocs\\MI4Bapp\\public\\index.php')
CRITICAL - 2023-05-31 03:07:04 --> Undefined variable $i
in APPPATH\Views\film\index.php on line 20.
 1 APPPATH\Views\film\index.php(20): CodeIgniter\Debug\Exceptions->errorHandler(2, 'Undefined variable $i', 'C:\\xampp\\htdocs\\MI4Bapp\\app\\Views\\film\\index.php', 20)
 2 SYSTEMPATH\View\View.php(213): include('C:\\xampp\\htdocs\\MI4Bapp\\app\\Views\\film\\index.php')
 3 SYSTEMPATH\View\View.php(216): CodeIgniter\View\View->CodeIgniter\View\{closure}()
 4 SYSTEMPATH\Common.php(1184): CodeIgniter\View\View->render('film/index', [], true)
 5 APPPATH\Controllers\Film.php(25): view('film/index', [...])
 6 SYSTEMPATH\CodeIgniter.php(934): App\Controllers\Film->index()
 7 SYSTEMPATH\CodeIgniter.php(499): CodeIgniter\CodeIgniter->runController(Object(App\Controllers\Film))
 8 SYSTEMPATH\CodeIgniter.php(368): CodeIgniter\CodeIgniter->handleRequest(null, Object(Config\Cache), false)
 9 FCPATH\index.php(67): CodeIgniter\CodeIgniter->run()
10 SYSTEMPATH\Commands\Server\rewrite.php(47): require_once('C:\\xampp\\htdocs\\MI4Bapp\\public\\index.php')
